服务已启动
/index.html
/index.css
/song_1.jpg
服务已启动
/index.html
/index.css
/song_1.jpg
/favicon.ico
/index.html
/login.js
/index.css
/song_1.jpg
/getData
/index.css
/index.html
/index.css
/song_1.jpg
/login.js
/getData
/index.html
/index.css
/song_1.jpg
/login.js
/getData
/index.html
/index.css
/song_1.jpg
/login.js
/getData
/index.html
/index.css
/song_1.jpg
/login.js
/getData
/index.html
/index.css
/login.js
/song_1.jpg
/getData
/getData
/index.html
/index.css
/song_1.jpg
/login.js
/getData
服务已启动
/index.html
/index.css
/song_1.jpg
/login.js
/getData
服务已启动
/index.html
/index.css
/song_1.jpg
/login.js
/getData
/index.html
/index.css
/song_1.jpg
/login.js
服务已启动
/index.html
/index.css
/song_1.jpg
/login.js
/getData
服务已启动
/index.html
/index.css
/song_1.jpg
/login.js
/getData
服务已启动
/index.html
/index.css
/song_1.jpg
/login.js
/getData
服务已启动
/index.html
/index.css
/song_1.jpg
/login.js
/getData
服务已启动
/index.html
/index.css
/song_1.jpg
/login.js
/getData
服务已启动
/index.html
/index.css
/song_1.jpg
/login.js
/getData
服务已启动
/index.html
/index.css
/song_1.jpg
/login.js
/getData
服务已启动
/index.html
/index.css
/song_1.jpg
/login.js
/getData
服务已启动
/index.html
/index.css
/song_1.jpg
/login.js
/getData
服务已启动
/index.html
/index.css
/login
/login
/login
服务已启动
/index.html
/index.css
/login
服务已启动
/index.html
/index.css
/login
服务已启动
/index.html
/index.css
/login
服务已启动
/index.html
/index.css
/login
服务已启动
/index.html
/index.css
/login
服务已启动
/index.html
/index.css
/favicon.ico
/index.css
/index.html
/index.css
/login
/login
/index.html
/index.css
/login
服务已启动
服务已启动
服务已启动
服务已启动
/index.html
/index.css
/login
/index.html
/index.css
/index.html
/index.css
/login
服务已启动
/index.html
/index.css
/login
/index.html
/index.css
/login
/index.html
/index.css
服务已启动
/index.html
/index.css
/login
/login
/index.html
/index.css
/login
/login
服务已启动
/index.html
/index.css
/login
/index.html
/index.css
/login
/index.html
/index.css
服务已启动
/index.html
/index.css
/login
/login
/login
/login
/login
/
/favicon.ico
/
服务已启动
/index.html
/index.css
/favicon.ico
/index.css
/login
/index.html
/index.css
/favicon.ico
/index.html
/index.css
/favicon.ico
/index.html
/index.css
/favicon.ico
/index.html
/index.css
/favicon.ico
/index.html
/index.css
/favicon.ico
/index.html
/index.css
/favicon.ico
/index.html
/index.css
/favicon.ico
/index.html
/index.css
/favicon.ico
/index.html
/index.css
/favicon.ico
/index.html
/index.css
/favicon.ico
/index.html
/index.css
/favicon.ico
/index.html
/index.css
/favicon.ico
/index.html
/index.css
服务已启动
/index.html
/index.css
/index.html
/index.css
服务已启动
/index.html
/index.css
服务已启动
/index.html
/index.css
服务已启动
/index.html
/index.css
服务已启动
/index.html
/index.css
服务已启动
/index.html
/index.css
服务已启动
/index.html
/index.css
服务已启动
/index.html
/index.css
/index.html
/index.css
服务已启动
/index.html
/index.css
/index.html
/index.css
服务已启动
/index.html
/index.css
/login
/login
服务已启动
/index.html
/index.css
/login
/index.html
/index.css
/login
服务已启动
/index.html
/index.css
/login
/index.html
/index.css
服务已启动
/login
/main.html
/main.html
/index.html
/index.css
/index.html
/index.css
/index.html
/index.css
/index.html
/index.css
/login
服务已启动
/login
/index.html
/index.css
/login
/login
/index.html
/index.css
/index.html
/index.css
/login
服务已启动
/login
/index.html
/index.css
/login
/index.html
/index.css
/index.html
/index.css
服务已启动
/index.html
/index.css
/login
/main.html
服务已启动
/index.html
/index.css
/login
/error.html
服务已启动
/index.html
/index.css
/login
/main.html
服务已启动
服务已启动
服务已启动
/index.html
/index.css
/index.html
/index.css
/index.html
/index.css
/index.html
/index.css
/index.html
/index.css
服务已启动
/index.html
/index.css
服务已启动
/index.html
/index.css
服务已启动
/index.html
/index.css
